<?xml version="1.0" encoding="UTF-8"?>
<testsuite xmlns:xsi="http://www.w3.org/2001/XMLSchema-instance" xsi:noNamespaceSchemaLocation="https://maven.apache.org/surefire/maven-surefire-plugin/xsd/surefire-test-report.xsd" name="com.scm.integration.blockchain.SmartContractInvokeServiceTest" time="0.72" tests="3" errors="0" skipped="0" failures="0">
  <properties>
[...]
</properties>
  <testcase name="shouldSkipWhenFiscoUnavailable" classname="com.scm.integration.blockchain.SmartContractInvokeServiceTest" time="0.693"/>
  <testcase name="logTransfer_shouldUseZeroAddressWhenUserHasNoChainAddress" classname="com.scm.integration.blockchain.SmartContractInvokeServiceTest" time="0.011"/>
  <testcase name="createProductionRequest_shouldCallContractWithResolvedAddress" classname="com.scm.integration.blockchain.SmartContractInvokeServiceTest" time="0.01"/>
</testsuite>